#-----------------------------------------------------------
# Webtalk v2015.1 (64-bit)
# SW Build 1215546 on Mon Apr 27 19:19:00 MDT 2015
# 
# Start of session at: Mon Jul 13 15:08:28 2015
# Process ID: 28992
# Log file: /home/controls/Pallavi/Bare_AMP_Zed/webtalk/webtalk.log
# Journal file: /home/controls/Pallavi/Bare_AMP_Zed/webtalk/webtalk.jou
#-----------------------------------------------------------
source sdk_webtalk.tcl
# webtalk_init -webtalk_dir /home/controls/Pallavi/Bare_AMP_Zed/webtalk
# webtalk_register_client -client project
# webtalk_add_data -client project -key date_generated -value "Mon Jul 13 15:08:27 2015" -context "software_version_and_target_device"
# webtalk_add_data -client project -key product_version -value "SDK v2015.1" -context "software_version_and_target_device"
# webtalk_add_data -client project -key build_version -value "2015.1" -context "software_version_and_target_device"
# webtalk_add_data -client project -key os_platform -value "amd64" -context "software_version_and_target_device"
# webtalk_add_data -client project -key registration_id -value "174141122_174141123_210588270_824" -context "software_version_and_target_device"
# webtalk_add_data -client project -key tool_flow -value "SDK" -context "software_version_and_target_device"
# webtalk_add_data -client project -key beta -value "false" -context "software_version_and_target_device"
# webtalk_add_data -client project -key route_design -value "NA" -context "software_version_and_target_device"
# webtalk_add_data -client project -key target_family -value "NA" -context "software_version_and_target_device"
# webtalk_add_data -client project -key target_device -value "NA" -context "software_version_and_target_device"
# webtalk_add_data -client project -key target_package -value "NA" -context "software_version_and_target_device"
# webtalk_add_data -client project -key target_speed -value "NA" -context "software_version_and_target_device"
# webtalk_add_data -client project -key random_id -value "hl2a0ofl9llcnmt21ouq92bvg6" -context "software_version_and_target_device"
# webtalk_add_data -client project -key project_id -value "2015.1_3" -context "software_version_and_target_device"
# webtalk_add_data -client project -key project_iteration -value "3" -context "software_version_and_target_device"
# webtalk_add_data -client project -key os_name -value "Ubuntu" -context "user_environment"
# webtalk_add_data -client project -key os_release -value "Ubuntu 14.04.2 LTS" -context "user_environment"
# webtalk_add_data -client project -key cpu_name -value "Intel(R) Core(TM) i7 CPU         920  @ 2.67GHz" -context "user_environment"
# webtalk_add_data -client project -key cpu_speed -value "1600.000 MHz" -context "user_environment"
# webtalk_add_data -client project -key total_processors -value "1" -context "user_environment"
# webtalk_add_data -client project -key system_ram -value "12.000 GB" -context "user_environment"
# webtalk_register_client -client sdk
# webtalk_add_data -client sdk -key uid -value "1436814173000" -context "sdk\\\\bsp/1436814173000"
# webtalk_add_data -client sdk -key hwid -value "1435635061000" -context "sdk\\\\bsp/1436814173000"
# webtalk_add_data -client sdk -key os -value "standalone" -context "sdk\\\\bsp/1436814173000"
# webtalk_add_data -client sdk -key apptemplate -value "empty_application" -context "sdk\\\\bsp/1436814173000"
# webtalk_add_data -client sdk -key uid -value "1436814174000" -context "sdk\\\\application/1436814174000"
# webtalk_add_data -client sdk -key hwid -value "1435635061000" -context "sdk\\\\application/1436814174000"
# webtalk_add_data -client sdk -key bspid -value "1436814173000" -context "sdk\\\\application/1436814174000"
# webtalk_add_data -client sdk -key newbsp -value "true" -context "sdk\\\\application/1436814174000"
# webtalk_add_data -client sdk -key os -value "standalone" -context "sdk\\\\application/1436814174000"
# webtalk_add_data -client sdk -key apptemplate -value "empty_application" -context "sdk\\\\application/1436814174000"
# webtalk_add_data -client sdk -key uid -value "1436814267000" -context "sdk\\\\bsp/1436814267000"
# webtalk_add_data -client sdk -key hwid -value "1435635061000" -context "sdk\\\\bsp/1436814267000"
# webtalk_add_data -client sdk -key os -value "standalone" -context "sdk\\\\bsp/1436814267000"
# webtalk_add_data -client sdk -key apptemplate -value "empty_application" -context "sdk\\\\bsp/1436814267000"
# webtalk_add_data -client sdk -key uid -value "1436814268000" -context "sdk\\\\application/1436814268000"
# webtalk_add_data -client sdk -key hwid -value "1435635061000" -context "sdk\\\\application/1436814268000"
# webtalk_add_data -client sdk -key bspid -value "1436814267000" -context "sdk\\\\application/1436814268000"
# webtalk_add_data -client sdk -key newbsp -value "true" -context "sdk\\\\application/1436814268000"
# webtalk_add_data -client sdk -key os -value "standalone" -context "sdk\\\\application/1436814268000"
# webtalk_add_data -client sdk -key apptemplate -value "empty_application" -context "sdk\\\\application/1436814268000"
# webtalk_transmit -clientid 3443829820 -regid "174141122_174141123_210588270_824" -xml /home/controls/Pallavi/Bare_AMP_Zed/webtalk/usage_statistics_ext_sdk.xml -html /home/controls/Pallavi/Bare_AMP_Zed/webtalk/usage_statistics_ext_sdk.html -wdm /home/controls/Pallavi/Bare_AMP_Zed/webtalk/sdk_webtalk.wdm -intro "<H3>SDK Usage Report</H3><BR>"
INFO: [Common 17-186] '/home/controls/Pallavi/Bare_AMP_Zed/webtalk/usage_statistics_ext_sdk.xml' has been successfully sent to Xilinx on Mon Jul 13 15:08:29 2015. For additional details about this file, please refer to the WebTalk help file at /opt/Xilinx/SDK/2015.1/doc/webtalk_introduction.html.
# webtalk_terminate
INFO: [Common 17-206] Exiting Webtalk at Mon Jul 13 15:08:29 2015...
